<?xml version="1.0" encoding="UTF-8"?>
<!-- Generated by org.testng.reporters.JUnitReportReporter -->
<testsuite hostname="DESKTOP-N2T4CKF" failures="0" tests="8" name="unitTest.StudentsTest" time="1.224" errors="0" timestamp="2023-03-07T11:21:02 EST" skipped="7">
  <testcase classname="unitTest.StudentsTest" name="getStudentsResponseValidation" time="1.224"/>
  <system-out/>
  <testcase classname="unitTest.StudentsTest" name="getStudents">
    <skipped/>
  </testcase> <!-- getStudents -->
  <system-out/>
  <testcase classname="unitTest.StudentsTest" name="getStudents6NagivativeresponseCodeValidation">
    <skipped/>
  </testcase> <!-- getStudents6NagivativeresponseCodeValidation -->
  <system-out/>
  <testcase classname="unitTest.StudentsTest" name="getStudents6">
    <skipped/>
  </testcase> <!-- getStudents6 -->
  <system-out/>
  <testcase classname="unitTest.StudentsTest" name="getStudentsLog">
    <skipped/>
  </testcase> <!-- getStudentsLog -->
  <system-out/>
  <testcase classname="unitTest.StudentsTest" name="getStudents6responseCodeValidation">
    <skipped/>
  </testcase> <!-- getStudents6responseCodeValidation -->
  <system-out/>
  <testcase classname="unitTest.StudentsTest" name="getStudentsPrettyPrint">
    <skipped/>
  </testcase> <!-- getStudentsPrettyPrint -->
  <system-out/>
  <testcase classname="unitTest.StudentsTest" name="getStudents10NagivativeresponseCodeValidation">
    <skipped/>
  </testcase> <!-- getStudents10NagivativeresponseCodeValidation -->
  <system-out/>
</testsuite> <!-- unitTest.StudentsTest -->
