<?xml version="1.0" encoding="UTF-8"?>
<!-- Generated by org.testng.reporters.JUnitReportReporter -->
<testsuite hostname="DESKTOP-N2T4CKF" failures="0" tests="1" name="unitTest.PutTest" time="0.895" errors="0" timestamp="2023-03-07T12:41:59 EST" skipped="0">
  <testcase classname="unitTest.PutTest" name="putTest" time="0.895"/>
  <system-out/>
</testsuite> <!-- unitTest.PutTest -->
