<?xml version="1.0" encoding="UTF-8"?>
<!-- Generated by org.testng.reporters.JUnitReportReporter -->
<testsuite hostname="DESKTOP-N2T4CKF" failures="0" tests="1" name="unitTest.DeleteTest" time="0.804" errors="0" timestamp="2023-03-08T00:04:22 EST" skipped="0">
  <testcase classname="unitTest.DeleteTest" name="deleteTest" time="0.804"/>
  <system-out/>
</testsuite> <!-- unitTest.DeleteTest -->
