<?xml version="1.0" encoding="UTF-8"?>
<!-- Generated by org.testng.reporters.JUnitReportReporter -->
<testsuite hostname="DESKTOP-N2T4CKF" failures="0" tests="3" name="unitTest.PostStudentsTest" time="0.895" errors="0" timestamp="2023-03-07T12:30:47 EST" skipped="2">
  <testcase classname="unitTest.PostStudentsTest" name="postTestwithMap" time="0.895"/>
  <system-out/>
  <testcase classname="unitTest.PostStudentsTest" name="postTestwithInputStream">
    <skipped/>
  </testcase> <!-- postTestwithInputStream -->
  <system-out/>
  <testcase classname="unitTest.PostStudentsTest" name="postTestwithStringBody">
    <skipped/>
  </testcase> <!-- postTestwithStringBody -->
  <system-out/>
</testsuite> <!-- unitTest.PostStudentsTest -->
