<?xml version="1.0" encoding="UTF-8"?>
<!-- Generated by org.testng.reporters.JUnitReportReporter -->
<testsuite hostname="DESKTOP-N2T4CKF" failures="0" tests="9" name="unitTest.GetStudentsTest" time="0.773" errors="0" timestamp="2023-03-07T11:51:53 EST" skipped="8">
  <testcase classname="unitTest.GetStudentsTest" name="getStudentsUriPath" time="0.773"/>
  <system-out/>
  <testcase classname="unitTest.GetStudentsTest" name="getStudentsPrettyPrint">
    <skipped/>
  </testcase> <!-- getStudentsPrettyPrint -->
  <system-out/>
  <testcase classname="unitTest.GetStudentsTest" name="getStudents10NagivativeresponseCodeValidation">
    <skipped/>
  </testcase> <!-- getStudents10NagivativeresponseCodeValidation -->
  <system-out/>
  <testcase classname="unitTest.GetStudentsTest" name="getStudents">
    <skipped/>
  </testcase> <!-- getStudents -->
  <system-out/>
  <testcase classname="unitTest.GetStudentsTest" name="getStudentsLog">
    <skipped/>
  </testcase> <!-- getStudentsLog -->
  <system-out/>
  <testcase classname="unitTest.GetStudentsTest" name="getStudents6">
    <skipped/>
  </testcase> <!-- getStudents6 -->
  <system-out/>
  <testcase classname="unitTest.GetStudentsTest" name="getStudentsResponseValidation">
    <skipped/>
  </testcase> <!-- getStudentsResponseValidation -->
  <system-out/>
  <testcase classname="unitTest.GetStudentsTest" name="getStudents6responseCodeValidation">
    <skipped/>
  </testcase> <!-- getStudents6responseCodeValidation -->
  <system-out/>
  <testcase classname="unitTest.GetStudentsTest" name="getStudents6NagivativeresponseCodeValidation">
    <skipped/>
  </testcase> <!-- getStudents6NagivativeresponseCodeValidation -->
  <system-out/>
</testsuite> <!-- unitTest.GetStudentsTest -->
